Unity Editor version:    2020.3.27f1 (e759542391ea)
Branch:                  2020.3/release
Build type:              Release
Batch mode:              YES
macOS version:           Version 11.7.10 (Build 20G1427)
Darwin version:          20.6.0
Architecture:            x86_64
Running under Rosetta:   NO
Available memory:        16384 MB
Using pre-set license
Pro License: NO

COMMAND LINE ARGUMENTS:
/Applications/2020.3.27f1/Unity.app/Contents/MacOS/Unity
-adb2
-batchMode
-noUpm
-name
AssetImportWorker0
-projectPath
/Users/game3/Desktop/Create with code/My project
-logFile
Logs/AssetImportWorker0.log
-srvPort
60876
Successfully changed project path to: /Users/game3/Desktop/Create with code/My project
Could not lock editor preferences. Preferences updates for this instance of Unity will not be saved./Users/game3/Desktop/Create with code/My project
Using Asset Import Pipeline V2.
Refreshing native plugins compatible for Editor in 22.76 ms, found 2 plugins.
Preloading 0 native plugins for Editor in 0.00 ms.
Initialize engine version: 2020.3.27f1 (e759542391ea)
[Subsystems] Discovering subsystems at path /Applications/2020.3.27f1/Unity.app/Contents/Resources/UnitySubsystems
[Subsystems] Discovering subsystems at path /Users/game3/Desktop/Create with code/My project/Assets
GfxDevice: creating device client; threaded=0
2023-12-12 12:06:53.286 Unity[73201:9261692] iMac preferred device: AMD Radeon Pro 5500 XT (high power)
2023-12-12 12:06:53.286 Unity[73201:9261692] Metal devices available: 1
2023-12-12 12:06:53.286 Unity[73201:9261692] 0: AMD Radeon Pro 5500 XT (high power)
2023-12-12 12:06:53.286 Unity[73201:9261692] Using device AMD Radeon Pro 5500 XT (high power)
Initializing Metal device caps: AMD Radeon Pro 5500 XT
Initialize mono
Mono path[0] = '/Applications/2020.3.27f1/Unity.app/Contents/Managed'
Mono path[1] = '/Applications/2020.3.27f1/Unity.app/Contents/MonoBleedingEdge/lib/mono/unityjit'
Mono config path = '/Applications/2020.3.27f1/Unity.app/Contents/MonoBleedingEdge/etc'
Using monoOptions --debugger-agent=transport=dt_socket,embedding=1,server=y,suspend=n,address=127.0.0.1:56201
Begin MonoManager ReloadAssembly
Registering precompiled unity dll's ...
Register platform support module: /Applications/2020.3.27f1/Unity.app/Contents/PlaybackEngines/MacStandaloneSupport/UnityEditor.OSXStandalone.Extensions.dll
Registered in 0.000424 seconds.
Native extension for OSXStandalone target not found
Refreshing native plugins compatible for Editor in 23.23 ms, found 2 plugins.
Preloading 0 native plugins for Editor in 0.00 ms.
Mono: successfully reloaded assembly
- Completed reload, in  0.516 seconds
Domain Reload Profiling:
	ReloadAssembly (517ms)
		BeginReloadAssembly (36ms)
			ExecutionOrderSort (0ms)
			DisableScriptedObjects (0ms)
			BackupInstance (0ms)
			ReleaseScriptingObjects (0ms)
			CreateAndSetChildDomain (1ms)
		EndReloadAssembly (415ms)
			LoadAssemblies (35ms)
			RebuildTransferFunctionScriptingTraits (0ms)
			SetupTypeCache (157ms)
			ReleaseScriptCaches (0ms)
			RebuildScriptCaches (32ms)
			SetupLoadedEditorAssemblies (153ms)
				LogAssemblyErrors (0ms)
				InitializePlatformSupportModulesInManaged (4ms)
				SetLoadedEditorAssemblies (0ms)
				RefreshPlugins (23ms)
				BeforeProcessingInitializeOnLoad (9ms)
				ProcessInitializeOnLoadAttributes (90ms)
				ProcessInitializeOnLoadMethodAttributes (26ms)
				AfterProcessingInitializeOnLoad (0ms)
				EditorAssembliesLoaded (0ms)
			ExecutionOrderSort2 (0ms)
			AwakeInstancesAfterBackupRestoration (0ms)
Platform modules already initialized, skipping
Registering precompiled user dll's ...
Registered in 0.001453 seconds.
Begin MonoManager ReloadAssembly
Native extension for OSXStandalone target not found
Refreshing native plugins compatible for Editor in 0.26 ms, found 2 plugins.
Preloading 0 native plugins for Editor in 0.00 ms.
Mono: successfully reloaded assembly
- Completed reload, in  0.910 seconds
Domain Reload Profiling:
	ReloadAssembly (911ms)
		BeginReloadAssembly (131ms)
			ExecutionOrderSort (0ms)
			DisableScriptedObjects (4ms)
			BackupInstance (0ms)
			ReleaseScriptingObjects (0ms)
			CreateAndSetChildDomain (25ms)
		EndReloadAssembly (725ms)
			LoadAssemblies (60ms)
			RebuildTransferFunctionScriptingTraits (0ms)
			SetupTypeCache (279ms)
			ReleaseScriptCaches (0ms)
			RebuildScriptCaches (42ms)
			SetupLoadedEditorAssemblies (249ms)
				LogAssemblyErrors (0ms)
				InitializePlatformSupportModulesInManaged (3ms)
				SetLoadedEditorAssemblies (1ms)
				RefreshPlugins (0ms)
				BeforeProcessingInitializeOnLoad (58ms)
				ProcessInitializeOnLoadAttributes (179ms)
				ProcessInitializeOnLoadMethodAttributes (7ms)
				AfterProcessingInitializeOnLoad (1ms)
				EditorAssembliesLoaded (0ms)
			ExecutionOrderSort2 (0ms)
			AwakeInstancesAfterBackupRestoration (6ms)
Platform modules already initialized, skipping
Validating Project structure ... 0.000314 seconds.
Shader import version has changed; will reimport all shaders...
Upgrading shader files ...0.000392 seconds.
Application.AssetDatabase Initial Script Refresh Start
RefreshInfo: InitialScriptRefreshV2(NoUpdateAssetOptions) scanfilter:  ... 1 filters
RefreshProfiler: Total: 0.000ms
Application.AssetDatabase Initial Script Refresh End
Application.AssetDatabase.Refresh Start
Application.AssetDatabase.Refresh End
RefreshInfo: StopAssetImportingV2(ForceSynchronousImport) scanfilter: 
RefreshProfiler: Total: 0.000ms
Launching external process: /Applications/2020.3.27f1/Unity.app/Contents/Tools/UnityShaderCompiler
Launched and connected shader compiler UnityShaderCompiler after 0.01 seconds
Initializing Unity extensions:
========================================================================
Worker process is ready to serve import requests
Refreshing native plugins compatible for Editor in 0.17 ms, found 2 plugins.
Preloading 0 native plugins for Editor in 0.00 ms.
Unloading 1507 Unused Serialized files (Serialized files now loaded: 0)
System memory in use before: 177.1 MB.
System memory in use after: 176.2 MB.

Unloading 83 unused Assets to reduce memory usage. Loaded Objects now: 1979.
Total: 2.397368 ms (FindLiveObjects: 0.099823 ms CreateObjectMapping: 0.035941 ms MarkObjects: 1.887025 ms  DeleteObjects: 0.374030 ms)

AssetImportParameters requested are different than current active one (requested -> active):
  custom:video-decoder-ogg-theora: a1e56fd34408186e4bbccfd4996cb3dc -> 
  custom:container-muxer-webm: aa71ff27fc2769a1b78a27578f13a17b -> 
  custom:container-demuxer-webm: 4f35f7cbe854078d1ac9338744f61a02 -> 
  custom:container-demuxer-ogg: 62fdf1f143b41e24485cea50d1cbac27 -> 
  custom:video-encoder-webm-vp8: eb34c28f22e8b96e1ab97ce403110664 -> 
  custom:framework-osx-AVFoundation: e770b220cccbd017edd2c1fefb359320 -> 
  custom:video-decoder-webm-vp8: 9c59270c3fd7afecdb556c50c9e8de78 -> 
  custom:audio-decoder-ogg-vorbis: bf7c407c2cedff20999df2af8eb42d56 -> 
  custom:audio-encoder-webm-vorbis: bf7c407c2cedff20999df2af8eb42d56 -> 
========================================================================
Received Import Request.
  path: Assets/Prefabs/Player.prefab
  artifactKey: Guid(c99a0eb5c49b24347a875fb3c5227681) Importer(815301076,1909f56bfc062723c751e8b465ee728b)
Start importing Assets/Prefabs/Player.prefab using Guid(c99a0eb5c49b24347a875fb3c5227681) Importer(815301076,1909f56bfc062723c751e8b465ee728b)  -> (artifact id: 'e2884ad74633d3bc5360f6e9a78aa733') in 0.889237 seconds 
  Import took 0.894406 seconds .

========================================================================
Received Import Request.
  Time since last request: 35.949779 seconds.
  path: Assets/Prefabs/Player.prefab
  artifactKey: Guid(c99a0eb5c49b24347a875fb3c5227681) Importer(815301076,1909f56bfc062723c751e8b465ee728b)
Start importing Assets/Prefabs/Player.prefab using Guid(c99a0eb5c49b24347a875fb3c5227681) Importer(815301076,1909f56bfc062723c751e8b465ee728b)  -> (artifact id: 'c53913ad9b4d7176ab614d25b6a23f19') in 0.010135 seconds 
  Import took 0.012260 seconds .

========================================================================
Received Import Request.
  Time since last request: 4.460449 seconds.
  path: Assets/Prefabs/Player.prefab
  artifactKey: Guid(c99a0eb5c49b24347a875fb3c5227681) Importer(815301076,1909f56bfc062723c751e8b465ee728b)
Start importing Assets/Prefabs/Player.prefab using Guid(c99a0eb5c49b24347a875fb3c5227681) Importer(815301076,1909f56bfc062723c751e8b465ee728b)  -> (artifact id: '90a6f054e7084b9660e78946e25e06f5') in 0.009807 seconds 
  Import took 0.011955 seconds .

========================================================================
Received Import Request.
  Time since last request: 16.004746 seconds.
  path: Assets/Prefabs/Player.prefab
  artifactKey: Guid(c99a0eb5c49b24347a875fb3c5227681) Importer(815301076,1909f56bfc062723c751e8b465ee728b)
Start importing Assets/Prefabs/Player.prefab using Guid(c99a0eb5c49b24347a875fb3c5227681) Importer(815301076,1909f56bfc062723c751e8b465ee728b)  -> (artifact id: 'dcd40fe0e660cb29e04ea9b0e74fee72') in 0.008265 seconds 
  Import took 0.010722 seconds .

========================================================================
Received Import Request.
  Time since last request: 7.908259 seconds.
  path: Assets/Prefabs/Player.prefab
  artifactKey: Guid(c99a0eb5c49b24347a875fb3c5227681) Importer(815301076,1909f56bfc062723c751e8b465ee728b)
Start importing Assets/Prefabs/Player.prefab using Guid(c99a0eb5c49b24347a875fb3c5227681) Importer(815301076,1909f56bfc062723c751e8b465ee728b)  -> (artifact id: 'ee703796a985a27c504031ecaeb3bbf7') in 0.008266 seconds 
  Import took 0.010341 seconds .

========================================================================
Received Import Request.
  Time since last request: 14.402437 seconds.
  path: Assets/Prefabs/Player.prefab
  artifactKey: Guid(c99a0eb5c49b24347a875fb3c5227681) Importer(815301076,1909f56bfc062723c751e8b465ee728b)
Start importing Assets/Prefabs/Player.prefab using Guid(c99a0eb5c49b24347a875fb3c5227681) Importer(815301076,1909f56bfc062723c751e8b465ee728b)  -> (artifact id: 'a72851f7990af8f02e21ab2e65b713d4') in 0.008735 seconds 
  Import took 0.010862 seconds .

========================================================================
Received Import Request.
  Time since last request: 4.860167 seconds.
  path: Assets/Prefabs/Player.prefab
  artifactKey: Guid(c99a0eb5c49b24347a875fb3c5227681) Importer(815301076,1909f56bfc062723c751e8b465ee728b)
Start importing Assets/Prefabs/Player.prefab using Guid(c99a0eb5c49b24347a875fb3c5227681) Importer(815301076,1909f56bfc062723c751e8b465ee728b)  -> (artifact id: '950f5e479ee554e0410596a423d2299f') in 0.008158 seconds 
  Import took 0.010304 seconds .

========================================================================
Received Prepare
Registering precompiled user dll's ...
Registered in 0.001391 seconds.
Begin MonoManager ReloadAssembly
Native extension for OSXStandalone target not found
Refreshing native plugins compatible for Editor in 0.27 ms, found 2 plugins.
Preloading 0 native plugins for Editor in 0.00 ms.
Mono: successfully reloaded assembly
- Completed reload, in  0.913 seconds
Domain Reload Profiling:
	ReloadAssembly (913ms)
		BeginReloadAssembly (101ms)
			ExecutionOrderSort (0ms)
			DisableScriptedObjects (4ms)
			BackupInstance (0ms)
			ReleaseScriptingObjects (0ms)
			CreateAndSetChildDomain (49ms)
		EndReloadAssembly (757ms)
			LoadAssemblies (57ms)
			RebuildTransferFunctionScriptingTraits (0ms)
			SetupTypeCache (279ms)
			ReleaseScriptCaches (1ms)
			RebuildScriptCaches (40ms)
			SetupLoadedEditorAssemblies (276ms)
				LogAssemblyErrors (0ms)
				InitializePlatformSupportModulesInManaged (4ms)
				SetLoadedEditorAssemblies (0ms)
				RefreshPlugins (0ms)
				BeforeProcessingInitializeOnLoad (89ms)
				ProcessInitializeOnLoadAttributes (174ms)
				ProcessInitializeOnLoadMethodAttributes (8ms)
				AfterProcessingInitializeOnLoad (1ms)
				EditorAssembliesLoaded (0ms)
			ExecutionOrderSort2 (0ms)
			AwakeInstancesAfterBackupRestoration (6ms)
Platform modules already initialized, skipping
Refreshing native plugins compatible for Editor in 0.25 ms, found 2 plugins.
Preloading 0 native plugins for Editor in 0.00 ms.
Unloading 1500 Unused Serialized files (Serialized files now loaded: 0)
System memory in use before: 181.7 MB.
System memory in use after: 181.8 MB.

Unloading 17 unused Assets to reduce memory usage. Loaded Objects now: 1989.
Total: 2.101654 ms (FindLiveObjects: 0.101886 ms CreateObjectMapping: 0.038513 ms MarkObjects: 1.935791 ms  DeleteObjects: 0.024872 ms)

AssetImportParameters requested are different than current active one (requested -> active):
  custom:video-decoder-ogg-theora: a1e56fd34408186e4bbccfd4996cb3dc -> 
  custom:container-muxer-webm: aa71ff27fc2769a1b78a27578f13a17b -> 
  custom:container-demuxer-webm: 4f35f7cbe854078d1ac9338744f61a02 -> 
  custom:container-demuxer-ogg: 62fdf1f143b41e24485cea50d1cbac27 -> 
  custom:video-encoder-webm-vp8: eb34c28f22e8b96e1ab97ce403110664 -> 
  custom:framework-osx-AVFoundation: e770b220cccbd017edd2c1fefb359320 -> 
  custom:video-decoder-webm-vp8: 9c59270c3fd7afecdb556c50c9e8de78 -> 
  custom:audio-decoder-ogg-vorbis: bf7c407c2cedff20999df2af8eb42d56 -> 
  custom:audio-encoder-webm-vorbis: bf7c407c2cedff20999df2af8eb42d56 -> 
========================================================================
Received Import Request.
  Time since last request: 46.390894 seconds.
  path: Assets/Prefabs/Player.prefab
  artifactKey: Guid(c99a0eb5c49b24347a875fb3c5227681) Importer(815301076,1909f56bfc062723c751e8b465ee728b)
Start importing Assets/Prefabs/Player.prefab using Guid(c99a0eb5c49b24347a875fb3c5227681) Importer(815301076,1909f56bfc062723c751e8b465ee728b)  -> (artifact id: '944a3539b47b6c00f7ab4abba51f30e5') in 0.052075 seconds 
  Import took 0.054297 seconds .

========================================================================
Received Import Request.
  Time since last request: 4.443974 seconds.
  path: Assets/Prefabs/Player.prefab
  artifactKey: Guid(c99a0eb5c49b24347a875fb3c5227681) Importer(815301076,1909f56bfc062723c751e8b465ee728b)
Start importing Assets/Prefabs/Player.prefab using Guid(c99a0eb5c49b24347a875fb3c5227681) Importer(815301076,1909f56bfc062723c751e8b465ee728b)  -> (artifact id: '7096b0ff1cd98b4df2cfe7b8ce15a0c2') in 0.008242 seconds 
  Import took 0.010524 seconds .

========================================================================
Received Import Request.
  Time since last request: 2.019693 seconds.
  path: Assets/Prefabs/Player.prefab
  artifactKey: Guid(c99a0eb5c49b24347a875fb3c5227681) Importer(815301076,1909f56bfc062723c751e8b465ee728b)
Start importing Assets/Prefabs/Player.prefab using Guid(c99a0eb5c49b24347a875fb3c5227681) Importer(815301076,1909f56bfc062723c751e8b465ee728b)  -> (artifact id: 'd41cfad666ef87ba9ad84bb3cd1c74b2') in 0.007974 seconds 
  Import took 0.010095 seconds .

========================================================================
Received Import Request.
  Time since last request: 3.226104 seconds.
  path: Assets/Prefabs/Player.prefab
  artifactKey: Guid(c99a0eb5c49b24347a875fb3c5227681) Importer(815301076,1909f56bfc062723c751e8b465ee728b)
Start importing Assets/Prefabs/Player.prefab using Guid(c99a0eb5c49b24347a875fb3c5227681) Importer(815301076,1909f56bfc062723c751e8b465ee728b)  -> (artifact id: '3c23092f80088f2f9e035133f0a193e1') in 0.007962 seconds 
  Import took 0.010659 seconds .

========================================================================
Received Import Request.
  Time since last request: 6.467036 seconds.
  path: Assets/Prefabs/Player.prefab
  artifactKey: Guid(c99a0eb5c49b24347a875fb3c5227681) Importer(815301076,1909f56bfc062723c751e8b465ee728b)
Start importing Assets/Prefabs/Player.prefab using Guid(c99a0eb5c49b24347a875fb3c5227681) Importer(815301076,1909f56bfc062723c751e8b465ee728b)  -> (artifact id: '200327e4e57dd8a1a53f50081a97f094') in 0.008825 seconds 
  Import took 0.010944 seconds .

========================================================================
Received Import Request.
  Time since last request: 3.043223 seconds.
  path: Assets/Prefabs/Player.prefab
  artifactKey: Guid(c99a0eb5c49b24347a875fb3c5227681) Importer(815301076,1909f56bfc062723c751e8b465ee728b)
Start importing Assets/Prefabs/Player.prefab using Guid(c99a0eb5c49b24347a875fb3c5227681) Importer(815301076,1909f56bfc062723c751e8b465ee728b)  -> (artifact id: '8a142324f5c44f51d6a060683c23e39a') in 0.008528 seconds 
  Import took 0.010673 seconds .

========================================================================
Received Import Request.
  Time since last request: 37.489749 seconds.
  path: Assets/Prefabs/Player.prefab
  artifactKey: Guid(c99a0eb5c49b24347a875fb3c5227681) Importer(815301076,1909f56bfc062723c751e8b465ee728b)
Start importing Assets/Prefabs/Player.prefab using Guid(c99a0eb5c49b24347a875fb3c5227681) Importer(815301076,1909f56bfc062723c751e8b465ee728b)  -> (artifact id: '5f2b4d8c16dd5c08e3d8bed1bc2d9c8b') in 0.008314 seconds 
  Import took 0.011055 seconds .

========================================================================
Received Import Request.
  Time since last request: 43.089298 seconds.
  path: Assets/Prefabs/Player.prefab
  artifactKey: Guid(c99a0eb5c49b24347a875fb3c5227681) Importer(815301076,1909f56bfc062723c751e8b465ee728b)
Start importing Assets/Prefabs/Player.prefab using Guid(c99a0eb5c49b24347a875fb3c5227681) Importer(815301076,1909f56bfc062723c751e8b465ee728b)  -> (artifact id: '5104a8ac56cda6cbeaef778ea63c6fc7') in 0.007853 seconds 
  Import took 0.010024 seconds .

========================================================================
Received Import Request.
  Time since last request: 2.574188 seconds.
  path: Assets/Prefabs/Player.prefab
  artifactKey: Guid(c99a0eb5c49b24347a875fb3c5227681) Importer(815301076,1909f56bfc062723c751e8b465ee728b)
Start importing Assets/Prefabs/Player.prefab using Guid(c99a0eb5c49b24347a875fb3c5227681) Importer(815301076,1909f56bfc062723c751e8b465ee728b)  -> (artifact id: '3849a89cd5c224244d4a3ccf39b9d822') in 0.008480 seconds 
  Import took 0.010654 seconds .

========================================================================
Received Import Request.
  Time since last request: 13.571954 seconds.
  path: Assets/Prefabs/Player.prefab
  artifactKey: Guid(c99a0eb5c49b24347a875fb3c5227681) Importer(815301076,1909f56bfc062723c751e8b465ee728b)
Start importing Assets/Prefabs/Player.prefab using Guid(c99a0eb5c49b24347a875fb3c5227681) Importer(815301076,1909f56bfc062723c751e8b465ee728b)  -> (artifact id: '57ed4fbb216230e1ba682a6834b27314') in 0.014713 seconds 
  Import took 0.016884 seconds .

========================================================================
Received Import Request.
  Time since last request: 10.692727 seconds.
  path: Assets/Prefabs/Player.prefab
  artifactKey: Guid(c99a0eb5c49b24347a875fb3c5227681) Importer(815301076,1909f56bfc062723c751e8b465ee728b)
Start importing Assets/Prefabs/Player.prefab using Guid(c99a0eb5c49b24347a875fb3c5227681) Importer(815301076,1909f56bfc062723c751e8b465ee728b)  -> (artifact id: '8abce124dcb8f58d29cf9e2ce1cbce9f') in 0.010026 seconds 
  Import took 0.012259 seconds .

========================================================================
Received Import Request.
  Time since last request: 6.938165 seconds.
  path: Assets/Prefabs/Player.prefab
  artifactKey: Guid(c99a0eb5c49b24347a875fb3c5227681) Importer(815301076,1909f56bfc062723c751e8b465ee728b)
Start importing Assets/Prefabs/Player.prefab using Guid(c99a0eb5c49b24347a875fb3c5227681) Importer(815301076,1909f56bfc062723c751e8b465ee728b)  -> (artifact id: 'a9eed76db7974787d456590ee2c5549c') in 0.008068 seconds 
  Import took 0.010811 seconds .

========================================================================
Received Import Request.
  Time since last request: 2.613580 seconds.
  path: Assets/Prefabs/Player.prefab
  artifactKey: Guid(c99a0eb5c49b24347a875fb3c5227681) Importer(815301076,1909f56bfc062723c751e8b465ee728b)
Start importing Assets/Prefabs/Player.prefab using Guid(c99a0eb5c49b24347a875fb3c5227681) Importer(815301076,1909f56bfc062723c751e8b465ee728b)  -> (artifact id: 'a35f265023217d0e2bb27ae3cae8e63a') in 0.014396 seconds 
  Import took 0.017241 seconds .

========================================================================
Received Import Request.
  Time since last request: 0.788848 seconds.
  path: Assets/Prefabs/Player.prefab
  artifactKey: Guid(c99a0eb5c49b24347a875fb3c5227681) Importer(815301076,1909f56bfc062723c751e8b465ee728b)
Start importing Assets/Prefabs/Player.prefab using Guid(c99a0eb5c49b24347a875fb3c5227681) Importer(815301076,1909f56bfc062723c751e8b465ee728b)  -> (artifact id: 'e8347e3fb6eed5999384f67962d053de') in 0.013937 seconds 
  Import took 0.016761 seconds .

========================================================================
Received Import Request.
  Time since last request: 5.076307 seconds.
  path: Assets/Prefabs/Player.prefab
  artifactKey: Guid(c99a0eb5c49b24347a875fb3c5227681) Importer(815301076,1909f56bfc062723c751e8b465ee728b)
Start importing Assets/Prefabs/Player.prefab using Guid(c99a0eb5c49b24347a875fb3c5227681) Importer(815301076,1909f56bfc062723c751e8b465ee728b)  -> (artifact id: '6c35ac6ae0d7e7db4e604ccbf48118ab') in 0.014140 seconds 
  Import took 0.016679 seconds .

========================================================================
Received Import Request.
  Time since last request: 1.200118 seconds.
  path: Assets/Prefabs/Player.prefab
  artifactKey: Guid(c99a0eb5c49b24347a875fb3c5227681) Importer(815301076,1909f56bfc062723c751e8b465ee728b)
Start importing Assets/Prefabs/Player.prefab using Guid(c99a0eb5c49b24347a875fb3c5227681) Importer(815301076,1909f56bfc062723c751e8b465ee728b)  -> (artifact id: '08186ba6df1a8946c6491d7ceb8bff0a') in 0.014843 seconds 
  Import took 0.017049 seconds .

========================================================================
Received Import Request.
  Time since last request: 140.022504 seconds.
  path: Assets/Prefabs/sound (4).wav
  artifactKey: Guid(270d8b753e6374c37a8bb59c54d8c4c9) Importer(815301076,1909f56bfc062723c751e8b465ee728b)
Start importing Assets/Prefabs/sound (4).wav using Guid(270d8b753e6374c37a8bb59c54d8c4c9) Importer(815301076,1909f56bfc062723c751e8b465ee728b)  -> (artifact id: 'd65b59521e58e3471a2a81c30e243a5f') in 0.765567 seconds 
  Import took 0.770117 seconds .

========================================================================
Received Import Request.
  Time since last request: 0.752896 seconds.
  path: Assets/Prefabs/sound (5).wav
  artifactKey: Guid(b5fda5fa7d0364c6ab30f89a5d956749) Importer(815301076,1909f56bfc062723c751e8b465ee728b)
Start importing Assets/Prefabs/sound (5).wav using Guid(b5fda5fa7d0364c6ab30f89a5d956749) Importer(815301076,1909f56bfc062723c751e8b465ee728b)  -> (artifact id: '142f5f1ed7ee389169f635222e40930b') in 0.006071 seconds 
  Import took 0.008125 seconds .

========================================================================
Received Import Request.
  Time since last request: 66.092562 seconds.
  path: Assets/Scripts/PlayerController.cs
  artifactKey: Guid(cf53c692c2c5d43ba89f4757a725439d) Importer(815301076,1909f56bfc062723c751e8b465ee728b)
Start importing Assets/Scripts/PlayerController.cs using Guid(cf53c692c2c5d43ba89f4757a725439d) Importer(815301076,1909f56bfc062723c751e8b465ee728b)  -> (artifact id: '185828725386de5d585331546aa14f7a') in 0.264475 seconds 
  Import took 0.269799 seconds .

========================================================================
Received Prepare
Registering precompiled user dll's ...
Registered in 0.002923 seconds.
Begin MonoManager ReloadAssembly
Native extension for OSXStandalone target not found
Refreshing native plugins compatible for Editor in 0.27 ms, found 2 plugins.
Preloading 0 native plugins for Editor in 0.00 ms.
Mono: successfully reloaded assembly
- Completed reload, in  0.898 seconds
Domain Reload Profiling:
	ReloadAssembly (898ms)
		BeginReloadAssembly (96ms)
			ExecutionOrderSort (0ms)
			DisableScriptedObjects (4ms)
			BackupInstance (0ms)
			ReleaseScriptingObjects (0ms)
			CreateAndSetChildDomain (47ms)
		EndReloadAssembly (747ms)
			LoadAssemblies (58ms)
			RebuildTransferFunctionScriptingTraits (0ms)
			SetupTypeCache (274ms)
			ReleaseScriptCaches (1ms)
			RebuildScriptCaches (39ms)
			SetupLoadedEditorAssemblies (272ms)
				LogAssemblyErrors (0ms)
				InitializePlatformSupportModulesInManaged (4ms)
				SetLoadedEditorAssemblies (0ms)
				RefreshPlugins (0ms)
				BeforeProcessingInitializeOnLoad (90ms)
				ProcessInitializeOnLoadAttributes (168ms)
				ProcessInitializeOnLoadMethodAttributes (7ms)
				AfterProcessingInitializeOnLoad (1ms)
				EditorAssembliesLoaded (0ms)
			ExecutionOrderSort2 (0ms)
			AwakeInstancesAfterBackupRestoration (6ms)
Platform modules already initialized, skipping
Refreshing native plugins compatible for Editor in 0.29 ms, found 2 plugins.
Preloading 0 native plugins for Editor in 0.00 ms.
Unloading 1500 Unused Serialized files (Serialized files now loaded: 0)
System memory in use before: 190.7 MB.
System memory in use after: 190.8 MB.

Unloading 16 unused Assets to reduce memory usage. Loaded Objects now: 1994.
Total: 2.066861 ms (FindLiveObjects: 0.107991 ms CreateObjectMapping: 0.038923 ms MarkObjects: 1.898183 ms  DeleteObjects: 0.021129 ms)

AssetImportParameters requested are different than current active one (requested -> active):
  custom:video-decoder-ogg-theora: a1e56fd34408186e4bbccfd4996cb3dc -> 
  custom:container-muxer-webm: aa71ff27fc2769a1b78a27578f13a17b -> 
  custom:container-demuxer-webm: 4f35f7cbe854078d1ac9338744f61a02 -> 
  custom:container-demuxer-ogg: 62fdf1f143b41e24485cea50d1cbac27 -> 
  custom:video-encoder-webm-vp8: eb34c28f22e8b96e1ab97ce403110664 -> 
  custom:framework-osx-AVFoundation: e770b220cccbd017edd2c1fefb359320 -> 
  custom:video-decoder-webm-vp8: 9c59270c3fd7afecdb556c50c9e8de78 -> 
  custom:audio-decoder-ogg-vorbis: bf7c407c2cedff20999df2af8eb42d56 -> 
  custom:audio-encoder-webm-vorbis: bf7c407c2cedff20999df2af8eb42d56 -> 
========================================================================
Received Import Request.
  Time since last request: 594.757084 seconds.
  path: Assets/Prefabs/Player.prefab
  artifactKey: Guid(c99a0eb5c49b24347a875fb3c5227681) Importer(815301076,1909f56bfc062723c751e8b465ee728b)
Start importing Assets/Prefabs/Player.prefab using Guid(c99a0eb5c49b24347a875fb3c5227681) Importer(815301076,1909f56bfc062723c751e8b465ee728b)  -> (artifact id: '13c7e794abd36648e453869994e66c35') in 0.046731 seconds 
  Import took 0.049114 seconds .

========================================================================
Received Prepare
Registering precompiled user dll's ...
Registered in 0.002953 seconds.
Begin MonoManager ReloadAssembly
Native extension for OSXStandalone target not found
Refreshing native plugins compatible for Editor in 0.27 ms, found 2 plugins.
Preloading 0 native plugins for Editor in 0.00 ms.
Mono: successfully reloaded assembly
- Completed reload, in  0.876 seconds
Domain Reload Profiling:
	ReloadAssembly (876ms)
		BeginReloadAssembly (95ms)
			ExecutionOrderSort (0ms)
			DisableScriptedObjects (4ms)
			BackupInstance (0ms)
			ReleaseScriptingObjects (0ms)
			CreateAndSetChildDomain (44ms)
		EndReloadAssembly (727ms)
			LoadAssemblies (57ms)
			RebuildTransferFunctionScriptingTraits (0ms)
			SetupTypeCache (270ms)
			ReleaseScriptCaches (1ms)
			RebuildScriptCaches (38ms)
			SetupLoadedEditorAssemblies (261ms)
				LogAssemblyErrors (0ms)
				InitializePlatformSupportModulesInManaged (3ms)
				SetLoadedEditorAssemblies (0ms)
				RefreshPlugins (0ms)
				BeforeProcessingInitializeOnLoad (86ms)
				ProcessInitializeOnLoadAttributes (162ms)
				ProcessInitializeOnLoadMethodAttributes (7ms)
				AfterProcessingInitializeOnLoad (1ms)
				EditorAssembliesLoaded (0ms)
			ExecutionOrderSort2 (0ms)
			AwakeInstancesAfterBackupRestoration (6ms)
Platform modules already initialized, skipping
Refreshing native plugins compatible for Editor in 0.22 ms, found 2 plugins.
Preloading 0 native plugins for Editor in 0.00 ms.
Unloading 1500 Unused Serialized files (Serialized files now loaded: 0)
System memory in use before: 190.8 MB.
System memory in use after: 190.9 MB.

Unloading 16 unused Assets to reduce memory usage. Loaded Objects now: 1997.
Total: 1.985127 ms (FindLiveObjects: 0.095309 ms CreateObjectMapping: 0.036569 ms MarkObjects: 1.834917 ms  DeleteObjects: 0.017778 ms)

AssetImportParameters requested are different than current active one (requested -> active):
  custom:video-decoder-ogg-theora: a1e56fd34408186e4bbccfd4996cb3dc -> 
  custom:container-muxer-webm: aa71ff27fc2769a1b78a27578f13a17b -> 
  custom:container-demuxer-webm: 4f35f7cbe854078d1ac9338744f61a02 -> 
  custom:container-demuxer-ogg: 62fdf1f143b41e24485cea50d1cbac27 -> 
  custom:video-encoder-webm-vp8: eb34c28f22e8b96e1ab97ce403110664 -> 
  custom:framework-osx-AVFoundation: e770b220cccbd017edd2c1fefb359320 -> 
  custom:video-decoder-webm-vp8: 9c59270c3fd7afecdb556c50c9e8de78 -> 
  custom:audio-decoder-ogg-vorbis: bf7c407c2cedff20999df2af8eb42d56 -> 
  custom:audio-encoder-webm-vorbis: bf7c407c2cedff20999df2af8eb42d56 -> 
========================================================================
Received Prepare
Registering precompiled user dll's ...
Registered in 0.001356 seconds.
Begin MonoManager ReloadAssembly
Native extension for OSXStandalone target not found
Refreshing native plugins compatible for Editor in 0.27 ms, found 2 plugins.
Preloading 0 native plugins for Editor in 0.00 ms.
Mono: successfully reloaded assembly
- Completed reload, in  0.893 seconds
Domain Reload Profiling:
	ReloadAssembly (893ms)
		BeginReloadAssembly (93ms)
			ExecutionOrderSort (0ms)
			DisableScriptedObjects (4ms)
			BackupInstance (0ms)
			ReleaseScriptingObjects (0ms)
			CreateAndSetChildDomain (44ms)
		EndReloadAssembly (745ms)
			LoadAssemblies (57ms)
			RebuildTransferFunctionScriptingTraits (0ms)
			SetupTypeCache (276ms)
			ReleaseScriptCaches (1ms)
			RebuildScriptCaches (39ms)
			SetupLoadedEditorAssemblies (269ms)
				LogAssemblyErrors (0ms)
				InitializePlatformSupportModulesInManaged (4ms)
				SetLoadedEditorAssemblies (0ms)
				RefreshPlugins (0ms)
				BeforeProcessingInitializeOnLoad (89ms)
				ProcessInitializeOnLoadAttributes (168ms)
				ProcessInitializeOnLoadMethodAttributes (7ms)
				AfterProcessingInitializeOnLoad (1ms)
				EditorAssembliesLoaded (0ms)
			ExecutionOrderSort2 (0ms)
			AwakeInstancesAfterBackupRestoration (6ms)
Platform modules already initialized, skipping
Refreshing native plugins compatible for Editor in 0.28 ms, found 2 plugins.
Preloading 0 native plugins for Editor in 0.00 ms.
Unloading 1500 Unused Serialized files (Serialized files now loaded: 0)
System memory in use before: 191.0 MB.
System memory in use after: 191.1 MB.

Unloading 14 unused Assets to reduce memory usage. Loaded Objects now: 1999.
Total: 2.122997 ms (FindLiveObjects: 0.110096 ms CreateObjectMapping: 0.039996 ms MarkObjects: 1.955758 ms  DeleteObjects: 0.016438 ms)

AssetImportParameters requested are different than current active one (requested -> active):
  custom:video-decoder-ogg-theora: a1e56fd34408186e4bbccfd4996cb3dc -> 
  custom:container-muxer-webm: aa71ff27fc2769a1b78a27578f13a17b -> 
  custom:container-demuxer-webm: 4f35f7cbe854078d1ac9338744f61a02 -> 
  custom:container-demuxer-ogg: 62fdf1f143b41e24485cea50d1cbac27 -> 
  custom:video-encoder-webm-vp8: eb34c28f22e8b96e1ab97ce403110664 -> 
  custom:framework-osx-AVFoundation: e770b220cccbd017edd2c1fefb359320 -> 
  custom:video-decoder-webm-vp8: 9c59270c3fd7afecdb556c50c9e8de78 -> 
  custom:audio-decoder-ogg-vorbis: bf7c407c2cedff20999df2af8eb42d56 -> 
  custom:audio-encoder-webm-vorbis: bf7c407c2cedff20999df2af8eb42d56 -> 
========================================================================
Received Prepare
Registering precompiled user dll's ...
Registered in 0.001370 seconds.
Begin MonoManager ReloadAssembly
Native extension for OSXStandalone target not found
Refreshing native plugins compatible for Editor in 0.27 ms, found 2 plugins.
Preloading 0 native plugins for Editor in 0.00 ms.
Mono: successfully reloaded assembly
- Completed reload, in  0.894 seconds
Domain Reload Profiling:
	ReloadAssembly (894ms)
		BeginReloadAssembly (97ms)
			ExecutionOrderSort (0ms)
			DisableScriptedObjects (4ms)
			BackupInstance (0ms)
			ReleaseScriptingObjects (0ms)
			CreateAndSetChildDomain (47ms)
		EndReloadAssembly (742ms)
			LoadAssemblies (56ms)
			RebuildTransferFunctionScriptingTraits (0ms)
			SetupTypeCache (272ms)
			ReleaseScriptCaches (1ms)
			RebuildScriptCaches (39ms)
			SetupLoadedEditorAssemblies (271ms)
				LogAssemblyErrors (0ms)
				InitializePlatformSupportModulesInManaged (4ms)
				SetLoadedEditorAssemblies (0ms)
				RefreshPlugins (0ms)
				BeforeProcessingInitializeOnLoad (89ms)
				ProcessInitializeOnLoadAttributes (169ms)
				ProcessInitializeOnLoadMethodAttributes (7ms)
				AfterProcessingInitializeOnLoad (1ms)
				EditorAssembliesLoaded (0ms)
			ExecutionOrderSort2 (0ms)
			AwakeInstancesAfterBackupRestoration (6ms)
Platform modules already initialized, skipping
Refreshing native plugins compatible for Editor in 0.21 ms, found 2 plugins.
Preloading 0 native plugins for Editor in 0.00 ms.
Unloading 1500 Unused Serialized files (Serialized files now loaded: 0)
System memory in use before: 191.2 MB.
System memory in use after: 191.3 MB.

Unloading 14 unused Assets to reduce memory usage. Loaded Objects now: 2001.
Total: 2.008820 ms (FindLiveObjects: 0.098369 ms CreateObjectMapping: 0.037773 ms MarkObjects: 1.862490 ms  DeleteObjects: 0.009672 ms)

AssetImportParameters requested are different than current active one (requested -> active):
  custom:video-decoder-ogg-theora: a1e56fd34408186e4bbccfd4996cb3dc -> 
  custom:container-muxer-webm: aa71ff27fc2769a1b78a27578f13a17b -> 
  custom:container-demuxer-webm: 4f35f7cbe854078d1ac9338744f61a02 -> 
  custom:container-demuxer-ogg: 62fdf1f143b41e24485cea50d1cbac27 -> 
  custom:video-encoder-webm-vp8: eb34c28f22e8b96e1ab97ce403110664 -> 
  custom:framework-osx-AVFoundation: e770b220cccbd017edd2c1fefb359320 -> 
  custom:video-decoder-webm-vp8: 9c59270c3fd7afecdb556c50c9e8de78 -> 
  custom:audio-decoder-ogg-vorbis: bf7c407c2cedff20999df2af8eb42d56 -> 
  custom:audio-encoder-webm-vorbis: bf7c407c2cedff20999df2af8eb42d56 -> 
========================================================================
Received Import Request.
  Time since last request: 2815.746005 seconds.
  path: Assets/Prefabs/song.wav
  artifactKey: Guid(ca1ca045d7c1a4e24b5d6ca254a48230) Importer(815301076,1909f56bfc062723c751e8b465ee728b)
Start importing Assets/Prefabs/song.wav using Guid(ca1ca045d7c1a4e24b5d6ca254a48230) Importer(815301076,1909f56bfc062723c751e8b465ee728b)  -> (artifact id: '9e6cafda8b765d3a5bf984c8a1217a81') in 0.035733 seconds 
  Import took 0.038058 seconds .

========================================================================
Received Prepare
Registering precompiled user dll's ...
Registered in 0.003397 seconds.
Begin MonoManager ReloadAssembly
Native extension for OSXStandalone target not found
Refreshing native plugins compatible for Editor in 0.27 ms, found 2 plugins.
Preloading 0 native plugins for Editor in 0.00 ms.
Mono: successfully reloaded assembly
- Completed reload, in  0.908 seconds
Domain Reload Profiling:
	ReloadAssembly (908ms)
		BeginReloadAssembly (102ms)
			ExecutionOrderSort (0ms)
			DisableScriptedObjects (4ms)
			BackupInstance (0ms)
			ReleaseScriptingObjects (0ms)
			CreateAndSetChildDomain (53ms)
		EndReloadAssembly (751ms)
			LoadAssemblies (58ms)
			RebuildTransferFunctionScriptingTraits (0ms)
			SetupTypeCache (277ms)
			ReleaseScriptCaches (1ms)
			RebuildScriptCaches (40ms)
			SetupLoadedEditorAssemblies (273ms)
				LogAssemblyErrors (0ms)
				InitializePlatformSupportModulesInManaged (4ms)
				SetLoadedEditorAssemblies (0ms)
				RefreshPlugins (0ms)
				BeforeProcessingInitializeOnLoad (89ms)
				ProcessInitializeOnLoadAttributes (170ms)
				ProcessInitializeOnLoadMethodAttributes (7ms)
				AfterProcessingInitializeOnLoad (1ms)
				EditorAssembliesLoaded (0ms)
			ExecutionOrderSort2 (0ms)
			AwakeInstancesAfterBackupRestoration (6ms)
Platform modules already initialized, skipping
Refreshing native plugins compatible for Editor in 0.26 ms, found 2 plugins.
Preloading 0 native plugins for Editor in 0.00 ms.
Unloading 1500 Unused Serialized files (Serialized files now loaded: 0)
System memory in use before: 191.3 MB.
System memory in use after: 191.4 MB.

Unloading 14 unused Assets to reduce memory usage. Loaded Objects now: 2004.
Total: 2.069596 ms (FindLiveObjects: 0.104028 ms CreateObjectMapping: 0.038489 ms MarkObjects: 1.915566 ms  DeleteObjects: 0.010852 ms)

AssetImportParameters requested are different than current active one (requested -> active):
  custom:video-decoder-ogg-theora: a1e56fd34408186e4bbccfd4996cb3dc -> 
  custom:container-muxer-webm: aa71ff27fc2769a1b78a27578f13a17b -> 
  custom:container-demuxer-webm: 4f35f7cbe854078d1ac9338744f61a02 -> 
  custom:container-demuxer-ogg: 62fdf1f143b41e24485cea50d1cbac27 -> 
  custom:video-encoder-webm-vp8: eb34c28f22e8b96e1ab97ce403110664 -> 
  custom:framework-osx-AVFoundation: e770b220cccbd017edd2c1fefb359320 -> 
  custom:video-decoder-webm-vp8: 9c59270c3fd7afecdb556c50c9e8de78 -> 
  custom:audio-decoder-ogg-vorbis: bf7c407c2cedff20999df2af8eb42d56 -> 
  custom:audio-encoder-webm-vorbis: bf7c407c2cedff20999df2af8eb42d56 -> 
